[2026-02-12 16:51:42] ====================================================================== 
[2026-02-12 16:51:42] CONSOLIDATION COMPLÈTE 2015-2025 
[2026-02-12 16:51:42] ====================================================================== 
[2026-02-12 16:51:43] 
[CHARGEMENT] Tables de codes ANSTAT 
[2026-02-12 16:51:43] ---------------------------------------------------------------------- 
[2026-02-12 16:51:44]   CODE_AFFECTATION : 1583 codes 
[2026-02-12 16:51:44]   CODE_ORGANISME : 210 codes 
[2026-02-12 16:51:44]  
[2026-02-12 16:51:44]   CODE_EMPLOI : 1255 codes (+ CITP) 
[2026-02-12 16:51:44]   CODE_SERVICE : 2241 codes 
[2026-02-12 16:51:44]   CODE_FONCTION : 160 codes 
[2026-02-12 16:51:44]   CODE_GRADE : 278 codes 
[2026-02-12 16:51:44]   CODE_POSTE : 588 codes 
[2026-02-12 16:51:44]   ✓ Toutes les tables chargées 
[2026-02-12 16:51:45] 
====================================================================== 
[2026-02-12 16:51:45] PHASE : TRAITEMENT DES FICHIERS 
[2026-02-12 16:51:45] ====================================================================== 
[2026-02-12 16:51:45] Fichiers trouvés : 130 
[2026-02-12 16:51:45] Traitement par lots de 12 fichiers 
[2026-02-12 16:51:45] Nombre de lots : 11
 
[2026-02-12 16:51:45] 
[LOT 1/11] 12 fichiers 
[2026-02-12 16:51:45] ---------------------------------------------------------------------- 
[2026-02-12 16:51:45]   [012015] 
[2026-02-12 16:52:59]     ✓ 184234 lignes × 185 colonnes 
[2026-02-12 16:52:59]       CODE_ORGANISME : 100.0% 
[2026-02-12 16:52:59]       CODE_GRADE : 98.2% 
[2026-02-12 16:52:59]       CODE_EMPLOI : 98.2% 
[2026-02-12 16:52:59]   [022015] 
[2026-02-12 16:54:12]     ✓ 184415 lignes × 182 colonnes 
[2026-02-12 16:54:12]       CODE_ORGANISME : 100.0% 
[2026-02-12 16:54:12]       CODE_GRADE : 98.1% 
[2026-02-12 16:54:12]       CODE_EMPLOI : 98.1% 
[2026-02-12 16:54:12]   [032015] 
[2026-02-12 16:55:25]     ✓ 185138 lignes × 184 colonnes 
[2026-02-12 16:55:25]       CODE_ORGANISME : 100.0% 
[2026-02-12 16:55:25]       CODE_GRADE : 98.1% 
[2026-02-12 16:55:25]       CODE_EMPLOI : 98.1% 
[2026-02-12 16:55:25]   [042015] 
[2026-02-12 16:56:41]     ✓ 185954 lignes × 182 colonnes 
[2026-02-12 16:56:41]       CODE_ORGANISME : 100.0% 
[2026-02-12 16:56:41]       CODE_GRADE : 98.1% 
[2026-02-12 16:56:41]       CODE_EMPLOI : 98.1% 
[2026-02-12 16:56:41]   [052015] 
[2026-02-12 16:57:56]     ✓ 187136 lignes × 180 colonnes 
[2026-02-12 16:57:56]       CODE_ORGANISME : 100.0% 
[2026-02-12 16:57:56]       CODE_GRADE : 98.2% 
[2026-02-12 16:57:56]       CODE_EMPLOI : 98.1% 
[2026-02-12 16:57:56]   [062015] 
[2026-02-12 16:59:12]     ✓ 189468 lignes × 186 colonnes 
[2026-02-12 16:59:12]       CODE_ORGANISME : 100.0% 
[2026-02-12 16:59:12]       CODE_GRADE : 98.1% 
[2026-02-12 16:59:12]       CODE_EMPLOI : 98.1% 
[2026-02-12 16:59:12]   [072015] 
[2026-02-12 17:00:29]     ✓ 190230 lignes × 182 colonnes 
[2026-02-12 17:00:29]       CODE_ORGANISME : 100.0% 
[2026-02-12 17:00:29]       CODE_GRADE : 98.1% 
[2026-02-12 17:00:29]       CODE_EMPLOI : 98.1% 
[2026-02-12 17:00:29]   [082015] 
[2026-02-12 17:01:46]     ✓ 191297 lignes × 181 colonnes 
[2026-02-12 17:01:46]       CODE_ORGANISME : 100.0% 
[2026-02-12 17:01:46]       CODE_GRADE : 98.2% 
[2026-02-12 17:01:46]       CODE_EMPLOI : 98.1% 
[2026-02-12 17:01:46]   [092015] 
[2026-02-12 17:03:02]     ✓ 191716 lignes × 181 colonnes 
[2026-02-12 17:03:02]       CODE_ORGANISME : 100.0% 
[2026-02-12 17:03:02]       CODE_GRADE : 98.2% 
[2026-02-12 17:03:02]       CODE_EMPLOI : 98.1% 
[2026-02-12 17:03:02]   [102015] 
[2026-02-12 17:04:18]     ✓ 193564 lignes × 180 colonnes 
[2026-02-12 17:04:18]       CODE_ORGANISME : 100.0% 
[2026-02-12 17:04:18]       CODE_GRADE : 98.0% 
[2026-02-12 17:04:18]       CODE_EMPLOI : 98.0% 
[2026-02-12 17:04:18]   [112015] 
[2026-02-12 17:05:37]     ✓ 194627 lignes × 184 colonnes 
[2026-02-12 17:05:37]       CODE_ORGANISME : 100.0% 
[2026-02-12 17:05:37]       CODE_GRADE : 98.1% 
[2026-02-12 17:05:37]       CODE_EMPLOI : 98.1% 
[2026-02-12 17:05:37]   [122015] 
[2026-02-12 17:06:58]     ✓ 195958 lignes × 182 colonnes 
[2026-02-12 17:06:58]       CODE_ORGANISME : 100.0% 
[2026-02-12 17:06:58]       CODE_GRADE : 98.2% 
[2026-02-12 17:06:58]       CODE_EMPLOI : 98.1% 
[2026-02-12 17:06:58] 
  Consolidation lot 1... 
[2026-02-12 17:07:06]   ✓ Lot 1 : 2273737 lignes × 341 colonnes 
[2026-02-12 17:07:07] 
[LOT 2/11] 12 fichiers 
[2026-02-12 17:07:07] ---------------------------------------------------------------------- 
[2026-02-12 17:07:07]   [012016] 
[2026-02-12 17:08:26]     ✓ 197429 lignes × 176 colonnes 
[2026-02-12 17:08:26]       CODE_ORGANISME : 100.0% 
[2026-02-12 17:08:26]       CODE_GRADE : 98.2% 
[2026-02-12 17:08:26]       CODE_EMPLOI : 98.1% 
[2026-02-12 17:08:26]   [022016] 
[2026-02-12 17:09:48]     ✓ 197465 lignes × 184 colonnes 
[2026-02-12 17:09:48]       CODE_ORGANISME : 100.0% 
[2026-02-12 17:09:48]       CODE_GRADE : 98.1% 
[2026-02-12 17:09:48]       CODE_EMPLOI : 98.0% 
[2026-02-12 17:09:48]   [032016] 
[2026-02-12 17:11:11]     ✓ 197308 lignes × 179 colonnes 
[2026-02-12 17:11:11]       CODE_ORGANISME : 100.0% 
[2026-02-12 17:11:11]       CODE_GRADE : 98.1% 
[2026-02-12 17:11:11]       CODE_EMPLOI : 98.1% 
[2026-02-12 17:11:11]   [042016] 
[2026-02-12 17:12:36]     ✓ 198461 lignes × 183 colonnes 
[2026-02-12 17:12:36]       CODE_ORGANISME : 100.0% 
[2026-02-12 17:12:36]       CODE_GRADE : 98.1% 
[2026-02-12 17:12:36]       CODE_EMPLOI : 98.1% 
[2026-02-12 17:12:36]   [052016] 
[2026-02-12 17:14:05]     ✓ 198504 lignes × 182 colonnes 
[2026-02-12 17:14:05]       CODE_ORGANISME : 100.0% 
[2026-02-12 17:14:05]       CODE_GRADE : 98.1% 
[2026-02-12 17:14:05]       CODE_EMPLOI : 98.1% 
[2026-02-12 17:14:05]   [062016] 
[2026-02-12 17:15:31]     ✓ 198674 lignes × 183 colonnes 
[2026-02-12 17:15:31]       CODE_ORGANISME : 100.0% 
[2026-02-12 17:15:31]       CODE_GRADE : 98.1% 
[2026-02-12 17:15:31]       CODE_EMPLOI : 98.1% 
[2026-02-12 17:15:31]   [072016] 
[2026-02-12 17:16:53]     ✓ 199753 lignes × 178 colonnes 
[2026-02-12 17:16:53]       CODE_ORGANISME : 100.0% 
[2026-02-12 17:16:53]       CODE_GRADE : 98.1% 
[2026-02-12 17:16:53]       CODE_EMPLOI : 98.0% 
[2026-02-12 17:16:53]   [082016] 
[2026-02-12 17:18:01]     ✓ 199323 lignes × 179 colonnes 
[2026-02-12 17:18:01]       CODE_ORGANISME : 100.0% 
[2026-02-12 17:18:01]       CODE_GRADE : 98.1% 
[2026-02-12 17:18:01]       CODE_EMPLOI : 98.1% 
[2026-02-12 17:18:01]   [092016] 
[2026-02-12 17:19:34]     ✓ 200132 lignes × 182 colonnes 
[2026-02-12 17:19:34]       CODE_ORGANISME : 100.0% 
[2026-02-12 17:19:34]       CODE_GRADE : 98.1% 
[2026-02-12 17:19:34]       CODE_EMPLOI : 98.1% 
[2026-02-12 17:19:34]   [102016] 
[2026-02-12 17:21:00]     ✓ 200569 lignes × 180 colonnes 
[2026-02-12 17:21:00]       CODE_ORGANISME : 100.0% 
[2026-02-12 17:21:00]       CODE_GRADE : 98.1% 
[2026-02-12 17:21:00]       CODE_EMPLOI : 98.1% 
[2026-02-12 17:21:00]   [112016] 
[2026-02-12 17:22:28]     ✓ 201687 lignes × 179 colonnes 
[2026-02-12 17:22:28]       CODE_ORGANISME : 100.0% 
[2026-02-12 17:22:28]       CODE_GRADE : 98.1% 
[2026-02-12 17:22:28]       CODE_EMPLOI : 98.1% 
[2026-02-12 17:22:28]   [122016] 
[2026-02-12 17:23:55]     ✓ 202499 lignes × 181 colonnes 
[2026-02-12 17:23:55]       CODE_ORGANISME : 100.0% 
[2026-02-12 17:23:55]       CODE_GRADE : 98.0% 
[2026-02-12 17:23:55]       CODE_EMPLOI : 98.0% 
[2026-02-12 17:23:55] 
  Consolidation lot 2... 
[2026-02-12 17:23:57]   ✓ Lot 2 : 2391804 lignes × 197 colonnes 
[2026-02-12 17:23:58] 
[LOT 3/11] 12 fichiers 
[2026-02-12 17:23:58] ---------------------------------------------------------------------- 
[2026-02-12 17:23:58]   [012017] 
[2026-02-12 17:25:19]     ✓ 201718 lignes × 179 colonnes 
[2026-02-12 17:25:19]       CODE_ORGANISME : 100.0% 
[2026-02-12 17:25:19]       CODE_GRADE : 98.1% 
[2026-02-12 17:25:19]       CODE_EMPLOI : 98.1% 
[2026-02-12 17:25:19]   [022017] 
[2026-02-12 17:26:46]     ✓ 202008 lignes × 182 colonnes 
[2026-02-12 17:26:46]       CODE_ORGANISME : 100.0% 
[2026-02-12 17:26:46]       CODE_GRADE : 98.1% 
[2026-02-12 17:26:46]       CODE_EMPLOI : 98.1% 
[2026-02-12 17:26:46]   [032017] 
[2026-02-12 17:28:10]     ✓ 203122 lignes × 180 colonnes 
[2026-02-12 17:28:10]       CODE_ORGANISME : 100.0% 
[2026-02-12 17:28:10]       CODE_GRADE : 98.1% 
[2026-02-12 17:28:10]       CODE_EMPLOI : 98.1% 
[2026-02-12 17:28:10]   [042017] 
[2026-02-12 17:29:35]     ✓ 203899 lignes × 181 colonnes 
[2026-02-12 17:29:35]       CODE_ORGANISME : 100.0% 
[2026-02-12 17:29:35]       CODE_GRADE : 98.1% 
[2026-02-12 17:29:35]       CODE_EMPLOI : 98.1% 
[2026-02-12 17:29:35]   [052017] 
[2026-02-12 17:31:02]     ✓ 204801 lignes × 182 colonnes 
[2026-02-12 17:31:02]       CODE_ORGANISME : 100.0% 
[2026-02-12 17:31:02]       CODE_GRADE : 98.0% 
[2026-02-12 17:31:02]       CODE_EMPLOI : 98.0% 
[2026-02-12 17:31:02]   [062017] 
[2026-02-12 17:32:27]     ✓ 205441 lignes × 180 colonnes 
[2026-02-12 17:32:27]       CODE_ORGANISME : 100.0% 
[2026-02-12 17:32:27]       CODE_GRADE : 98.2% 
[2026-02-12 17:32:27]       CODE_EMPLOI : 98.1% 
[2026-02-12 17:32:27]   [072017] 
[2026-02-12 17:33:59]     ✓ 206322 lignes × 185 colonnes 
[2026-02-12 17:33:59]       CODE_ORGANISME : 100.0% 
[2026-02-12 17:33:59]       CODE_GRADE : 98.2% 
[2026-02-12 17:33:59]       CODE_EMPLOI : 98.1% 
[2026-02-12 17:33:59]   [082017] 
[2026-02-12 17:35:25]     ✓ 207675 lignes × 186 colonnes 
[2026-02-12 17:35:25]       CODE_ORGANISME : 100.0% 
[2026-02-12 17:35:25]       CODE_GRADE : 98.1% 
[2026-02-12 17:35:25]       CODE_EMPLOI : 98.0% 
[2026-02-12 17:35:25]   [092017] 
[2026-02-12 17:36:59]     ✓ 208003 lignes × 188 colonnes 
[2026-02-12 17:36:59]       CODE_ORGANISME : 100.0% 
[2026-02-12 17:36:59]       CODE_GRADE : 98.1% 
[2026-02-12 17:36:59]       CODE_EMPLOI : 98.1% 
[2026-02-12 17:36:59]   [102017] 
[2026-02-12 17:38:30]     ✓ 208150 lignes × 185 colonnes 
[2026-02-12 17:38:30]       CODE_ORGANISME : 100.0% 
[2026-02-12 17:38:30]       CODE_GRADE : 98.2% 
[2026-02-12 17:38:30]       CODE_EMPLOI : 98.2% 
[2026-02-12 17:38:30]   [112017] 
[2026-02-12 17:40:01]     ✓ 209221 lignes × 187 colonnes 
[2026-02-12 17:40:01]       CODE_ORGANISME : 100.0% 
[2026-02-12 17:40:01]       CODE_GRADE : 98.2% 
[2026-02-12 17:40:01]       CODE_EMPLOI : 98.1% 
[2026-02-12 17:40:01]   [122017] 
[2026-02-12 17:41:30]     ✓ 210340 lignes × 39 colonnes 
[2026-02-12 17:41:30]       CODE_ORGANISME : 100.0% 
[2026-02-12 17:41:30]       CODE_GRADE : 98.1% 
[2026-02-12 17:41:30]       CODE_EMPLOI : 98.1% 
[2026-02-12 17:41:30] 
  Consolidation lot 3... 
[2026-02-12 17:41:32]   ✓ Lot 3 : 2470700 lignes × 200 colonnes 
[2026-02-12 17:41:34] 
[LOT 4/11] 12 fichiers 
[2026-02-12 17:41:34] ---------------------------------------------------------------------- 
[2026-02-12 17:41:34]   [012018] 
[2026-02-12 17:43:07]     ✓ 210808 lignes × 184 colonnes 
[2026-02-12 17:43:07]       CODE_ORGANISME : 100.0% 
[2026-02-12 17:43:07]       CODE_GRADE : 98.2% 
[2026-02-12 17:43:07]       CODE_EMPLOI : 98.2% 
[2026-02-12 17:43:07]   [022018] 
[2026-02-12 17:44:48]     ✓ 213933 lignes × 186 colonnes 
[2026-02-12 17:44:48]       CODE_ORGANISME : 100.0% 
[2026-02-12 17:44:48]       CODE_GRADE : 97.6% 
[2026-02-12 17:44:48]       CODE_EMPLOI : 97.5% 
[2026-02-12 17:44:48]   [032018] 
[2026-02-12 17:46:24]     ✓ 214423 lignes × 193 colonnes 
[2026-02-12 17:46:24]       CODE_ORGANISME : 100.0% 
[2026-02-12 17:46:24]       CODE_GRADE : 97.8% 
[2026-02-12 17:46:24]       CODE_EMPLOI : 97.8% 
[2026-02-12 17:46:24]   [042018] 
[2026-02-12 17:47:57]     ✓ 217070 lignes × 186 colonnes 
[2026-02-12 17:47:57]       CODE_ORGANISME : 100.0% 
[2026-02-12 17:47:57]       CODE_GRADE : 98.0% 
[2026-02-12 17:47:57]       CODE_EMPLOI : 98.0% 
[2026-02-12 17:47:57]   [052018] 
[2026-02-12 17:49:33]     ✓ 216931 lignes × 184 colonnes 
[2026-02-12 17:49:33]       CODE_ORGANISME : 100.0% 
[2026-02-12 17:49:33]       CODE_GRADE : 98.0% 
[2026-02-12 17:49:33]       CODE_EMPLOI : 97.9% 
[2026-02-12 17:49:33]   [062018] 
[2026-02-12 17:51:10]     ✓ 218080 lignes × 187 colonnes 
[2026-02-12 17:51:10]       CODE_ORGANISME : 100.0% 
[2026-02-12 17:51:10]       CODE_GRADE : 98.0% 
[2026-02-12 17:51:10]       CODE_EMPLOI : 97.9% 
[2026-02-12 17:51:10]   [072018] 
[2026-02-12 17:52:44]     ✓ 218420 lignes × 190 colonnes 
[2026-02-12 17:52:44]       CODE_ORGANISME : 100.0% 
[2026-02-12 17:52:44]       CODE_GRADE : 97.7% 
[2026-02-12 17:52:44]       CODE_EMPLOI : 97.7% 
[2026-02-12 17:52:44]   [082018] 
[2026-02-12 17:54:22]     ✓ 217915 lignes × 189 colonnes 
[2026-02-12 17:54:22]       CODE_ORGANISME : 100.0% 
[2026-02-12 17:54:22]       CODE_GRADE : 97.9% 
[2026-02-12 17:54:22]       CODE_EMPLOI : 97.9% 
[2026-02-12 17:54:22]   [092018] 
[2026-02-12 17:56:04]     ✓ 218700 lignes × 193 colonnes 
[2026-02-12 17:56:04]       CODE_ORGANISME : 100.0% 
[2026-02-12 17:56:04]       CODE_GRADE : 97.6% 
[2026-02-12 17:56:04]       CODE_EMPLOI : 97.6% 
[2026-02-12 17:56:04]   [102018] 
[2026-02-12 17:57:38]     ✓ 217852 lignes × 187 colonnes 
[2026-02-12 17:57:38]       CODE_ORGANISME : 100.0% 
[2026-02-12 17:57:38]       CODE_GRADE : 97.8% 
[2026-02-12 17:57:38]       CODE_EMPLOI : 97.7% 
[2026-02-12 17:57:38]   [112018] 
[2026-02-12 17:59:19]     ✓ 216517 lignes × 197 colonnes 
[2026-02-12 17:59:19]       CODE_ORGANISME : 100.0% 
[2026-02-12 17:59:19]       CODE_GRADE : 98.2% 
[2026-02-12 17:59:19]       CODE_EMPLOI : 98.1% 
[2026-02-12 17:59:19]   [122018] 
[2026-02-12 18:01:06]     ✓ 215371 lignes × 194 colonnes 
[2026-02-12 18:01:06]       CODE_ORGANISME : 100.0% 
[2026-02-12 18:01:06]       CODE_GRADE : 98.4% 
[2026-02-12 18:01:06]       CODE_EMPLOI : 98.3% 
[2026-02-12 18:01:06] 
  Consolidation lot 4... 
[2026-02-12 18:01:08]   ✓ Lot 4 : 2596020 lignes × 205 colonnes 
[2026-02-12 18:01:11] 
[LOT 5/11] 12 fichiers 
[2026-02-12 18:01:11] ---------------------------------------------------------------------- 
[2026-02-12 18:01:11]   [012019] 
[2026-02-12 18:02:43]     ✓ 216873 lignes × 193 colonnes 
[2026-02-12 18:02:43]       CODE_ORGANISME : 100.0% 
[2026-02-12 18:02:43]       CODE_GRADE : 98.2% 
[2026-02-12 18:02:43]       CODE_EMPLOI : 98.1% 
[2026-02-12 18:02:43]   [022019] 
[2026-02-12 18:04:21]     ✓ 221011 lignes × 195 colonnes 
[2026-02-12 18:04:21]       CODE_ORGANISME : 100.0% 
[2026-02-12 18:04:21]       CODE_GRADE : 98.1% 
[2026-02-12 18:04:21]       CODE_EMPLOI : 98.1% 
[2026-02-12 18:04:21]   [032019] 
[2026-02-12 18:06:06]     ✓ 222554 lignes × 194 colonnes 
[2026-02-12 18:06:06]       CODE_ORGANISME : 100.0% 
[2026-02-12 18:06:06]       CODE_GRADE : 98.2% 
[2026-02-12 18:06:06]       CODE_EMPLOI : 98.2% 
[2026-02-12 18:06:06]   [042019] 
[2026-02-12 18:07:46]     ✓ 222559 lignes × 194 colonnes 
[2026-02-12 18:07:46]       CODE_ORGANISME : 100.0% 
[2026-02-12 18:07:46]       CODE_GRADE : 98.1% 
[2026-02-12 18:07:46]       CODE_EMPLOI : 98.0% 
[2026-02-12 18:07:46]   [052019] 
[2026-02-12 18:09:29]     ✓ 222499 lignes × 194 colonnes 
[2026-02-12 18:09:29]       CODE_ORGANISME : 100.0% 
[2026-02-12 18:09:29]       CODE_GRADE : 97.9% 
[2026-02-12 18:09:29]       CODE_EMPLOI : 97.9% 
[2026-02-12 18:09:29]   [062020] 
[2026-02-12 18:11:16]     ✓ 235143 lignes × 190 colonnes 
[2026-02-12 18:11:16]       CODE_ORGANISME : 100.0% 
[2026-02-12 18:11:16]       CODE_GRADE : 98.1% 
[2026-02-12 18:11:16]       CODE_EMPLOI : 98.1% 
[2026-02-12 18:11:16]   [072019] 
[2026-02-12 18:13:03]     ✓ 225397 lignes × 196 colonnes 
[2026-02-12 18:13:03]       CODE_ORGANISME : 100.0% 
[2026-02-12 18:13:03]       CODE_GRADE : 98.0% 
[2026-02-12 18:13:03]       CODE_EMPLOI : 97.9% 
[2026-02-12 18:13:03]   [082019] 
[2026-02-12 18:14:45]     ✓ 224022 lignes × 196 colonnes 
[2026-02-12 18:14:45]       CODE_ORGANISME : 100.0% 
[2026-02-12 18:14:45]       CODE_GRADE : 97.3% 
[2026-02-12 18:14:45]       CODE_EMPLOI : 97.9% 
[2026-02-12 18:14:45]   [092019] 
[2026-02-12 18:16:26]     ✓ 223973 lignes × 196 colonnes 
[2026-02-12 18:16:26]       CODE_ORGANISME : 100.0% 
[2026-02-12 18:16:26]       CODE_GRADE : 97.3% 
[2026-02-12 18:16:26]       CODE_EMPLOI : 97.9% 
[2026-02-12 18:16:26]   [102019] 
[2026-02-12 18:18:13]     ✓ 223558 lignes × 195 colonnes 
[2026-02-12 18:18:13]       CODE_ORGANISME : 100.0% 
[2026-02-12 18:18:13]       CODE_GRADE : 97.3% 
[2026-02-12 18:18:13]       CODE_EMPLOI : 97.9% 
[2026-02-12 18:18:13]   [112019] 
[2026-02-12 18:19:57]     ✓ 224714 lignes × 194 colonnes 
[2026-02-12 18:19:57]       CODE_ORGANISME : 100.0% 
[2026-02-12 18:19:57]       CODE_GRADE : 97.3% 
[2026-02-12 18:19:57]       CODE_EMPLOI : 97.9% 
[2026-02-12 18:19:57]   [122019] 
[2026-02-12 18:21:48]     ✓ 226103 lignes × 196 colonnes 
[2026-02-12 18:21:48]       CODE_ORGANISME : 100.0% 
[2026-02-12 18:21:48]       CODE_GRADE : 97.3% 
[2026-02-12 18:21:48]       CODE_EMPLOI : 97.8% 
[2026-02-12 18:21:48] 
  Consolidation lot 5... 
[2026-02-12 18:21:50]   ✓ Lot 5 : 2688406 lignes × 205 colonnes 
[2026-02-12 18:21:53] 
[LOT 6/11] 12 fichiers 
[2026-02-12 18:21:53] ---------------------------------------------------------------------- 
[2026-02-12 18:21:54]   [012020] 
[2026-02-12 18:23:35]     ✓ 227374 lignes × 192 colonnes 
[2026-02-12 18:23:35]       CODE_ORGANISME : 100.0% 
[2026-02-12 18:23:35]       CODE_GRADE : 97.5% 
[2026-02-12 18:23:35]       CODE_EMPLOI : 98.0% 
[2026-02-12 18:23:35]   [022020] 
[2026-02-12 18:25:14]     ✓ 230874 lignes × 194 colonnes 
[2026-02-12 18:25:14]       CODE_ORGANISME : 100.0% 
[2026-02-12 18:25:14]       CODE_GRADE : 98.0% 
[2026-02-12 18:25:14]       CODE_EMPLOI : 98.0% 
[2026-02-12 18:25:14]   [032020] 
[2026-02-12 18:26:58]     ✓ 232508 lignes × 194 colonnes 
[2026-02-12 18:26:58]       CODE_ORGANISME : 100.0% 
[2026-02-12 18:26:58]       CODE_GRADE : 98.1% 
[2026-02-12 18:26:58]       CODE_EMPLOI : 98.0% 
[2026-02-12 18:26:58]   [042020] 
[2026-02-12 18:28:42]     ✓ 232796 lignes × 191 colonnes 
[2026-02-12 18:28:42]       CODE_ORGANISME : 100.0% 
[2026-02-12 18:28:42]       CODE_GRADE : 98.0% 
[2026-02-12 18:28:42]       CODE_EMPLOI : 98.0% 
[2026-02-12 18:28:42]   [052020] 
[2026-02-12 18:30:30]     ✓ 233096 lignes × 191 colonnes 
[2026-02-12 18:30:30]       CODE_ORGANISME : 100.0% 
[2026-02-12 18:30:30]       CODE_GRADE : 98.1% 
[2026-02-12 18:30:30]       CODE_EMPLOI : 98.1% 
[2026-02-12 18:30:30]   [062020] 
[2026-02-12 18:32:20]     ✓ 235143 lignes × 190 colonnes 
[2026-02-12 18:32:20]       CODE_ORGANISME : 100.0% 
[2026-02-12 18:32:20]       CODE_GRADE : 98.1% 
[2026-02-12 18:32:20]       CODE_EMPLOI : 98.1% 
[2026-02-12 18:32:20]   [072020] 
[2026-02-12 18:34:13]     ✓ 237560 lignes × 188 colonnes 
[2026-02-12 18:34:13]       CODE_ORGANISME : 100.0% 
[2026-02-12 18:34:13]       CODE_GRADE : 98.1% 
[2026-02-12 18:34:13]       CODE_EMPLOI : 98.0% 
[2026-02-12 18:34:13]   [082020] 
[2026-02-12 18:36:06]     ✓ 236786 lignes × 190 colonnes 
[2026-02-12 18:36:06]       CODE_ORGANISME : 100.0% 
[2026-02-12 18:36:06]       CODE_GRADE : 98.1% 
[2026-02-12 18:36:06]       CODE_EMPLOI : 98.1% 
[2026-02-12 18:36:06]   [092020] 
[2026-02-12 18:37:57]     ✓ 241196 lignes × 192 colonnes 
[2026-02-12 18:37:57]       CODE_ORGANISME : 100.0% 
[2026-02-12 18:37:57]       CODE_GRADE : 98.1% 
[2026-02-12 18:37:57]       CODE_EMPLOI : 98.1% 
[2026-02-12 18:37:57]   [102020] 
[2026-02-12 18:39:51]     ✓ 242401 lignes × 192 colonnes 
[2026-02-12 18:39:51]       CODE_ORGANISME : 100.0% 
[2026-02-12 18:39:51]       CODE_GRADE : 98.1% 
[2026-02-12 18:39:51]       CODE_EMPLOI : 98.1% 
[2026-02-12 18:39:51]   [112020] 
[2026-02-12 18:41:49]     ✓ 244396 lignes × 194 colonnes 
[2026-02-12 18:41:49]       CODE_ORGANISME : 100.0% 
[2026-02-12 18:41:49]       CODE_GRADE : 98.1% 
[2026-02-12 18:41:49]       CODE_EMPLOI : 98.0% 
[2026-02-12 18:41:49]   [122020] 
[2026-02-12 18:43:47]     ✓ 243663 lignes × 190 colonnes 
[2026-02-12 18:43:47]       CODE_ORGANISME : 100.0% 
[2026-02-12 18:43:47]       CODE_GRADE : 98.3% 
[2026-02-12 18:43:47]       CODE_EMPLOI : 98.3% 
[2026-02-12 18:43:47] 
  Consolidation lot 6... 
[2026-02-12 18:43:49]   ✓ Lot 6 : 2837793 lignes × 206 colonnes 
[2026-02-12 18:43:53] 
[LOT 7/11] 12 fichiers 
[2026-02-12 18:43:53] ---------------------------------------------------------------------- 
[2026-02-12 18:43:53]   [012021] 
[2026-02-12 18:45:42]     ✓ 246410 lignes × 196 colonnes 
[2026-02-12 18:45:42]       CODE_ORGANISME : 100.0% 
[2026-02-12 18:45:42]       CODE_GRADE : 98.2% 
[2026-02-12 18:45:42]       CODE_EMPLOI : 98.1% 
[2026-02-12 18:45:42]   [022021] 
[2026-02-12 18:47:08]     ✓ 184415 lignes × 193 colonnes 
[2026-02-12 18:47:08]       CODE_ORGANISME : 100.0% 
[2026-02-12 18:47:08]       CODE_GRADE : 98.1% 
[2026-02-12 18:47:08]       CODE_EMPLOI : 98.1% 
[2026-02-12 18:47:08]   [032021] 
[2026-02-12 18:49:06]     ✓ 250638 lignes × 195 colonnes 
[2026-02-12 18:49:06]       CODE_ORGANISME : 100.0% 
[2026-02-12 18:49:06]       CODE_GRADE : 98.3% 
[2026-02-12 18:49:06]       CODE_EMPLOI : 98.1% 
[2026-02-12 18:49:06]   [042021] 
[2026-02-12 18:51:05]     ✓ 253808 lignes × 197 colonnes 
[2026-02-12 18:51:05]       CODE_ORGANISME : 100.0% 
[2026-02-12 18:51:05]       CODE_GRADE : 98.2% 
[2026-02-12 18:51:05]       CODE_EMPLOI : 98.0% 
[2026-02-12 18:51:05]   [052021] 
[2026-02-12 18:53:02]     ✓ 253246 lignes × 193 colonnes 
[2026-02-12 18:53:02]       CODE_ORGANISME : 100.0% 
[2026-02-12 18:53:02]       CODE_GRADE : 98.2% 
[2026-02-12 18:53:02]       CODE_EMPLOI : 98.1% 
[2026-02-12 18:53:02]   [062021] 
[2026-02-12 18:54:58]     ✓ 254510 lignes × 196 colonnes 
[2026-02-12 18:54:58]       CODE_ORGANISME : 100.0% 
[2026-02-12 18:54:58]       CODE_GRADE : 98.3% 
[2026-02-12 18:54:58]       CODE_EMPLOI : 98.1% 
[2026-02-12 18:54:58]   [072021] 
[2026-02-12 18:57:00]     ✓ 257326 lignes × 190 colonnes 
[2026-02-12 18:57:00]       CODE_ORGANISME : 100.0% 
[2026-02-12 18:57:00]       CODE_GRADE : 98.3% 
[2026-02-12 18:57:00]       CODE_EMPLOI : 98.1% 
[2026-02-12 18:57:00]   [082021] 
[2026-02-12 18:59:07]     ✓ 257712 lignes × 193 colonnes 
[2026-02-12 18:59:07]       CODE_ORGANISME : 100.0% 
[2026-02-12 18:59:07]       CODE_GRADE : 98.3% 
[2026-02-12 18:59:07]       CODE_EMPLOI : 98.1% 
[2026-02-12 18:59:07]   [092021] 
[2026-02-12 19:01:15]     ✓ 259165 lignes × 197 colonnes 
[2026-02-12 19:01:15]       CODE_ORGANISME : 100.0% 
[2026-02-12 19:01:15]       CODE_GRADE : 98.3% 
[2026-02-12 19:01:15]       CODE_EMPLOI : 98.1% 
[2026-02-12 19:01:15]   [102021] 
[2026-02-12 19:03:20]     ✓ 258212 lignes × 194 colonnes 
[2026-02-12 19:03:20]       CODE_ORGANISME : 100.0% 
[2026-02-12 19:03:20]       CODE_GRADE : 98.3% 
[2026-02-12 19:03:20]       CODE_EMPLOI : 98.1% 
[2026-02-12 19:03:20]   [112021] 
[2026-02-12 19:05:26]     ✓ 258571 lignes × 194 colonnes 
[2026-02-12 19:05:26]       CODE_ORGANISME : 100.0% 
[2026-02-12 19:05:26]       CODE_GRADE : 98.1% 
[2026-02-12 19:05:26]       CODE_EMPLOI : 97.9% 
[2026-02-12 19:05:26]   [122021] 
[2026-02-12 19:07:31]     ✓ 258421 lignes × 195 colonnes 
[2026-02-12 19:07:31]       CODE_ORGANISME : 100.0% 
[2026-02-12 19:07:31]       CODE_GRADE : 98.4% 
[2026-02-12 19:07:31]       CODE_EMPLOI : 98.2% 
[2026-02-12 19:07:31] 
  Consolidation lot 7... 
[2026-02-12 19:07:40]   ✓ Lot 7 : 2992434 lignes × 362 colonnes 
[2026-02-12 19:07:45] 
[LOT 8/11] 12 fichiers 
[2026-02-12 19:07:45] ---------------------------------------------------------------------- 
[2026-02-12 19:07:45]   [012022] 
[2026-02-12 19:09:41]     ✓ 259790 lignes × 192 colonnes 
[2026-02-12 19:09:41]       CODE_ORGANISME : 100.0% 
[2026-02-12 19:09:41]       CODE_GRADE : 98.4% 
[2026-02-12 19:09:41]       CODE_EMPLOI : 98.2% 
[2026-02-12 19:09:41]   [022022] 
[2026-02-12 19:11:50]     ✓ 262658 lignes × 196 colonnes 
[2026-02-12 19:11:50]       CODE_ORGANISME : 100.0% 
[2026-02-12 19:11:50]       CODE_GRADE : 98.3% 
[2026-02-12 19:11:50]       CODE_EMPLOI : 98.2% 
[2026-02-12 19:11:50]   [032022] 
[2026-02-12 19:13:55]     ✓ 263929 lignes × 201 colonnes 
[2026-02-12 19:13:55]       CODE_ORGANISME : 100.0% 
[2026-02-12 19:13:55]       CODE_GRADE : 98.3% 
[2026-02-12 19:13:55]       CODE_EMPLOI : 98.1% 
[2026-02-12 19:13:55]   [042022] 
[2026-02-12 19:15:59]     ✓ 265423 lignes × 196 colonnes 
[2026-02-12 19:15:59]       CODE_ORGANISME : 100.0% 
[2026-02-12 19:15:59]       CODE_GRADE : 98.3% 
[2026-02-12 19:15:59]       CODE_EMPLOI : 98.1% 
[2026-02-12 19:15:59]   [052022] 
[2026-02-12 19:18:12]     ✓ 266805 lignes × 200 colonnes 
[2026-02-12 19:18:12]       CODE_ORGANISME : 100.0% 
[2026-02-12 19:18:12]       CODE_GRADE : 98.3% 
[2026-02-12 19:18:12]       CODE_EMPLOI : 98.2% 
[2026-02-12 19:18:12]   [062022] 
[2026-02-12 19:20:16]     ✓ 267010 lignes × 193 colonnes 
[2026-02-12 19:20:16]       CODE_ORGANISME : 100.0% 
[2026-02-12 19:20:16]       CODE_GRADE : 98.3% 
[2026-02-12 19:20:16]       CODE_EMPLOI : 98.2% 
[2026-02-12 19:20:16]   [072022] 
[2026-02-12 19:22:28]     ✓ 267696 lignes × 201 colonnes 
[2026-02-12 19:22:28]       CODE_ORGANISME : 100.0% 
[2026-02-12 19:22:28]       CODE_GRADE : 98.2% 
[2026-02-12 19:22:28]       CODE_EMPLOI : 98.1% 
[2026-02-12 19:22:28]   [082022] 
[2026-02-12 19:24:46]     ✓ 266538 lignes × 201 colonnes 
[2026-02-12 19:24:46]       CODE_ORGANISME : 100.0% 
[2026-02-12 19:24:46]       CODE_GRADE : 98.3% 
[2026-02-12 19:24:46]       CODE_EMPLOI : 98.1% 
[2026-02-12 19:24:46]   [092022] 
[2026-02-12 19:26:53]     ✓ 266970 lignes × 203 colonnes 
[2026-02-12 19:26:53]       CODE_ORGANISME : 100.0% 
[2026-02-12 19:26:53]       CODE_GRADE : 98.3% 
[2026-02-12 19:26:53]       CODE_EMPLOI : 98.1% 
[2026-02-12 19:26:53]   [102022] 
[2026-02-12 19:29:06]     ✓ 270095 lignes × 201 colonnes 
[2026-02-12 19:29:06]       CODE_ORGANISME : 100.0% 
[2026-02-12 19:29:06]       CODE_GRADE : 98.2% 
[2026-02-12 19:29:06]       CODE_EMPLOI : 98.0% 
[2026-02-12 19:29:06]   [112022] 
[2026-02-12 19:31:17]     ✓ 272220 lignes × 200 colonnes 
[2026-02-12 19:31:17]       CODE_ORGANISME : 100.0% 
[2026-02-12 19:31:17]       CODE_GRADE : 98.4% 
[2026-02-12 19:31:17]       CODE_EMPLOI : 98.3% 
[2026-02-12 19:31:17]   [122022] 
[2026-02-12 19:33:27]     ✓ 281045 lignes × 201 colonnes 
[2026-02-12 19:33:27]       CODE_ORGANISME : 100.0% 
[2026-02-12 19:33:27]       CODE_GRADE : 98.5% 
[2026-02-12 19:33:27]       CODE_EMPLOI : 98.3% 
[2026-02-12 19:33:27] 
  Consolidation lot 8... 
[2026-02-12 19:33:32]   ✓ Lot 8 : 3210179 lignes × 214 colonnes 
[2026-02-12 19:33:37] 
[LOT 9/11] 12 fichiers 
[2026-02-12 19:33:37] ---------------------------------------------------------------------- 
[2026-02-12 19:33:37]   [012023] 
[2026-02-12 19:35:43]     ✓ 281197 lignes × 204 colonnes 
[2026-02-12 19:35:43]       CODE_ORGANISME : 100.0% 
[2026-02-12 19:35:43]       CODE_GRADE : 98.3% 
[2026-02-12 19:35:43]       CODE_EMPLOI : 98.2% 
[2026-02-12 19:35:43]   [022023] 
[2026-02-12 19:37:52]     ✓ 285041 lignes × 206 colonnes 
[2026-02-12 19:37:52]       CODE_ORGANISME : 100.0% 
[2026-02-12 19:37:52]       CODE_GRADE : 98.4% 
[2026-02-12 19:37:52]       CODE_EMPLOI : 98.3% 
[2026-02-12 19:37:52]   [032023] 
[2026-02-12 19:40:04]     ✓ 286363 lignes × 207 colonnes 
[2026-02-12 19:40:04]       CODE_ORGANISME : 100.0% 
[2026-02-12 19:40:04]       CODE_GRADE : 98.5% 
[2026-02-12 19:40:04]       CODE_EMPLOI : 98.3% 
[2026-02-12 19:40:04]   [042023] 
[2026-02-12 19:42:19]     ✓ 287052 lignes × 204 colonnes 
[2026-02-12 19:42:19]       CODE_ORGANISME : 100.0% 
[2026-02-12 19:42:19]       CODE_GRADE : 98.5% 
[2026-02-12 19:42:19]       CODE_EMPLOI : 98.3% 
[2026-02-12 19:42:19]   [052023] 
[2026-02-12 19:44:36]     ✓ 287775 lignes × 204 colonnes 
[2026-02-12 19:44:36]       CODE_ORGANISME : 100.0% 
[2026-02-12 19:44:36]       CODE_GRADE : 98.5% 
[2026-02-12 19:44:36]       CODE_EMPLOI : 98.3% 
[2026-02-12 19:44:36]   [062023] 
[2026-02-12 19:46:44]     ✓ 289447 lignes × 203 colonnes 
[2026-02-12 19:46:44]       CODE_ORGANISME : 100.0% 
[2026-02-12 19:46:44]       CODE_GRADE : 98.5% 
[2026-02-12 19:46:44]       CODE_EMPLOI : 98.3% 
[2026-02-12 19:46:44]   [072023] 
[2026-02-12 19:49:05]     ✓ 291720 lignes × 201 colonnes 
[2026-02-12 19:49:05]       CODE_ORGANISME : 100.0% 
[2026-02-12 19:49:05]       CODE_GRADE : 98.4% 
[2026-02-12 19:49:05]       CODE_EMPLOI : 98.3% 
[2026-02-12 19:49:05]   [082023] 
[2026-02-12 19:51:28]     ✓ 291322 lignes × 206 colonnes 
[2026-02-12 19:51:28]       CODE_ORGANISME : 100.0% 
[2026-02-12 19:51:28]       CODE_GRADE : 98.4% 
[2026-02-12 19:51:28]       CODE_EMPLOI : 98.2% 
[2026-02-12 19:51:28]   [092023] 
[2026-02-12 19:53:51]     ✓ 293803 lignes × 206 colonnes 
[2026-02-12 19:53:51]       CODE_ORGANISME : 100.0% 
[2026-02-12 19:53:51]       CODE_GRADE : 98.3% 
[2026-02-12 19:53:51]       CODE_EMPLOI : 98.2% 
[2026-02-12 19:53:51]   [102023] 
[2026-02-12 19:56:05]     ✓ 293476 lignes × 206 colonnes 
[2026-02-12 19:56:05]       CODE_ORGANISME : 100.0% 
[2026-02-12 19:56:05]       CODE_GRADE : 98.6% 
[2026-02-12 19:56:05]       CODE_EMPLOI : 98.4% 
[2026-02-12 19:56:05]   [112023] 
[2026-02-12 19:58:28]     ✓ 293967 lignes × 205 colonnes 
[2026-02-12 19:58:28]       CODE_ORGANISME : 100.0% 
[2026-02-12 19:58:28]       CODE_GRADE : 98.6% 
[2026-02-12 19:58:28]       CODE_EMPLOI : 98.4% 
[2026-02-12 19:58:28]   [122023] 
[2026-02-12 20:00:42]     ✓ 293677 lignes × 200 colonnes 
[2026-02-12 20:00:42]       CODE_ORGANISME : 100.0% 
[2026-02-12 20:00:42]       CODE_GRADE : 98.6% 
[2026-02-12 20:00:42]       CODE_EMPLOI : 98.4% 
[2026-02-12 20:00:42] 
  Consolidation lot 9... 
[2026-02-12 20:00:45]   ✓ Lot 9 : 3474840 lignes × 220 colonnes 
[2026-02-12 20:00:52] 
[LOT 10/11] 12 fichiers 
[2026-02-12 20:00:52] ---------------------------------------------------------------------- 
[2026-02-12 20:00:52]   [012024] 
[2026-02-12 20:03:06]     ✓ 296935 lignes × 205 colonnes 
[2026-02-12 20:03:06]       CODE_ORGANISME : 100.0% 
[2026-02-12 20:03:06]       CODE_GRADE : 98.5% 
[2026-02-12 20:03:06]       CODE_EMPLOI : 98.4% 
[2026-02-12 20:03:06]   [022024] 
[2026-02-12 20:05:27]     ✓ 300689 lignes × 204 colonnes 
[2026-02-12 20:05:27]       CODE_ORGANISME : 100.0% 
[2026-02-12 20:05:27]       CODE_GRADE : 98.5% 
[2026-02-12 20:05:27]       CODE_EMPLOI : 98.4% 
[2026-02-12 20:05:27]   [032024] 
[2026-02-12 20:07:53]     ✓ 303825 lignes × 207 colonnes 
[2026-02-12 20:07:53]       CODE_ORGANISME : 100.0% 
[2026-02-12 20:07:53]       CODE_GRADE : 98.5% 
[2026-02-12 20:07:53]       CODE_EMPLOI : 98.4% 
[2026-02-12 20:07:53]   [042024] 
[2026-02-12 20:10:20]     ✓ 305126 lignes × 205 colonnes 
[2026-02-12 20:10:20]       CODE_ORGANISME : 100.0% 
[2026-02-12 20:10:20]       CODE_GRADE : 98.5% 
[2026-02-12 20:10:20]       CODE_EMPLOI : 98.4% 
[2026-02-12 20:10:20]   [052024] 
[2026-02-12 20:12:51]     ✓ 305828 lignes × 203 colonnes 
[2026-02-12 20:12:51]       CODE_ORGANISME : 100.0% 
[2026-02-12 20:12:51]       CODE_GRADE : 98.5% 
[2026-02-12 20:12:51]       CODE_EMPLOI : 98.3% 
[2026-02-12 20:12:51]   [062024] 
[2026-02-12 20:15:23]     ✓ 312499 lignes × 207 colonnes 
[2026-02-12 20:15:23]       CODE_ORGANISME : 100.0% 
[2026-02-12 20:15:23]       CODE_GRADE : 98.5% 
[2026-02-12 20:15:23]       CODE_EMPLOI : 98.3% 
[2026-02-12 20:15:23]   [072024] 
[2026-02-12 20:17:55]     ✓ 313914 lignes × 204 colonnes 
[2026-02-12 20:17:55]       CODE_ORGANISME : 100.0% 
[2026-02-12 20:17:55]       CODE_GRADE : 98.6% 
[2026-02-12 20:17:55]       CODE_EMPLOI : 98.5% 
[2026-02-12 20:17:55]   [082024] 
[2026-02-12 20:20:32]     ✓ 317515 lignes × 203 colonnes 
[2026-02-12 20:20:32]       CODE_ORGANISME : 100.0% 
[2026-02-12 20:20:32]       CODE_GRADE : 98.6% 
[2026-02-12 20:20:32]       CODE_EMPLOI : 98.5% 
[2026-02-12 20:20:32]   [092024] 
[2026-02-12 20:23:09]     ✓ 318770 lignes × 203 colonnes 
[2026-02-12 20:23:09]       CODE_ORGANISME : 100.0% 
[2026-02-12 20:23:09]       CODE_GRADE : 98.6% 
[2026-02-12 20:23:09]       CODE_EMPLOI : 98.5% 
[2026-02-12 20:23:09]   [102024] 
[2026-02-12 20:25:44]     ✓ 319477 lignes × 207 colonnes 
[2026-02-12 20:25:44]       CODE_ORGANISME : 100.0% 
[2026-02-12 20:25:44]       CODE_GRADE : 98.6% 
[2026-02-12 20:25:44]       CODE_EMPLOI : 98.5% 
[2026-02-12 20:25:44]   [112024] 
[2026-02-12 20:28:21]     ✓ 318551 lignes × 203 colonnes 
[2026-02-12 20:28:21]       CODE_ORGANISME : 100.0% 
[2026-02-12 20:28:21]       CODE_GRADE : 98.6% 
[2026-02-12 20:28:21]       CODE_EMPLOI : 98.4% 
[2026-02-12 20:28:21]   [122024] 
[2026-02-12 20:30:54]     ✓ 318528 lignes × 198 colonnes 
[2026-02-12 20:30:54]       CODE_ORGANISME : 100.0% 
[2026-02-12 20:30:54]       CODE_GRADE : 98.6% 
[2026-02-12 20:30:54]       CODE_EMPLOI : 98.4% 
[2026-02-12 20:30:54] 
  Consolidation lot 10... 
[2026-02-12 20:30:57]   ✓ Lot 10 : 3731657 lignes × 226 colonnes 
[2026-02-12 20:31:05] 
[LOT 11/11] 10 fichiers 
[2026-02-12 20:31:05] ---------------------------------------------------------------------- 
[2026-02-12 20:31:05]   [012025] 
[2026-02-12 20:33:34]     ✓ 319736 lignes × 216 colonnes 
[2026-02-12 20:33:34]       CODE_ORGANISME : 100.0% 
[2026-02-12 20:33:34]       CODE_GRADE : 98.6% 
[2026-02-12 20:33:34]       CODE_EMPLOI : 98.5% 
[2026-02-12 20:33:34]   [022025] 
[2026-02-12 20:36:16]     ✓ 324438 lignes × 214 colonnes 
[2026-02-12 20:36:16]       CODE_ORGANISME : 100.0% 
[2026-02-12 20:36:16]       CODE_GRADE : 98.6% 
[2026-02-12 20:36:16]       CODE_EMPLOI : 98.5% 
[2026-02-12 20:36:16]   [032025] 
[2026-02-12 20:39:01]     ✓ 328074 lignes × 215 colonnes 
[2026-02-12 20:39:01]       CODE_ORGANISME : 100.0% 
[2026-02-12 20:39:01]       CODE_GRADE : 98.6% 
[2026-02-12 20:39:01]       CODE_EMPLOI : 98.5% 
[2026-02-12 20:39:01]   [042025] 
[2026-02-12 20:41:53]     ✓ 324438 lignes × 214 colonnes 
[2026-02-12 20:41:53]       CODE_ORGANISME : 100.0% 
[2026-02-12 20:41:53]       CODE_GRADE : 98.6% 
[2026-02-12 20:41:53]       CODE_EMPLOI : 98.5% 
[2026-02-12 20:41:53]   [052025] 
[2026-02-12 20:44:49]     ✓ 330693 lignes × 216 colonnes 
[2026-02-12 20:44:49]       CODE_ORGANISME : 100.0% 
[2026-02-12 20:44:49]       CODE_GRADE : 98.6% 
[2026-02-12 20:44:49]       CODE_EMPLOI : 98.5% 
[2026-02-12 20:44:49]   [062025] 
[2026-02-12 20:46:48]     ✓ 225817 lignes × 213 colonnes 
[2026-02-12 20:46:48]       CODE_ORGANISME : 100.0% 
[2026-02-12 20:46:48]       CODE_GRADE : 97.9% 
[2026-02-12 20:46:48]       CODE_EMPLOI : 97.8% 
[2026-02-12 20:46:48]   [072025] 
[2026-02-12 20:49:47]     ✓ 335717 lignes × 216 colonnes 
[2026-02-12 20:49:47]       CODE_ORGANISME : 100.0% 
[2026-02-12 20:49:47]       CODE_GRADE : 98.7% 
[2026-02-12 20:49:47]       CODE_EMPLOI : 98.5% 
[2026-02-12 20:49:47]   [082025] 
[2026-02-12 20:52:08]     ✓ 337240 lignes × 213 colonnes 
[2026-02-12 20:52:08]       CODE_ORGANISME : 100.0% 
[2026-02-12 20:52:08]       CODE_GRADE : 98.6% 
[2026-02-12 20:52:08]       CODE_EMPLOI : 98.5% 
[2026-02-12 20:52:08]   [092025] 
[2026-02-12 20:55:03]     ✓ 338488 lignes × 214 colonnes 
[2026-02-12 20:55:03]       CODE_ORGANISME : 100.0% 
[2026-02-12 20:55:03]       CODE_GRADE : 98.7% 
[2026-02-12 20:55:03]       CODE_EMPLOI : 98.5% 
[2026-02-12 20:55:03]   [102025] 
[2026-02-12 20:57:44]     ✓ 339702 lignes × 212 colonnes 
[2026-02-12 20:57:44]       CODE_ORGANISME : 100.0% 
[2026-02-12 20:57:44]       CODE_GRADE : 98.7% 
[2026-02-12 20:57:44]       CODE_EMPLOI : 98.5% 
[2026-02-12 20:57:44] 
  Consolidation lot 11... 
[2026-02-12 20:57:50]   ✓ Lot 11 : 3204343 lignes × 229 colonnes 
[2026-02-12 20:57:57] 
====================================================================== 
[2026-02-12 20:57:57] PHASE : CONSOLIDATION FINALE 
[2026-02-12 20:57:57] ====================================================================== 
[2026-02-12 20:57:57]   Colonnes uniques totales : 425 
[2026-02-12 20:58:09]   Empilement vertical final... 
[2026-02-12 21:00:47]   ✓ Base finale : 31871913 lignes × 425 colonnes 
[2026-02-12 21:00:47] 
====================================================================== 
[2026-02-12 21:00:47] PHASE : VALIDATION 
[2026-02-12 21:00:47] ====================================================================== 
[2026-02-12 21:00:47]   Codes présents : 7/8 
[2026-02-12 21:00:47]     CODE_AFFECTATION : 99.7% complet 
[2026-02-12 21:00:47]     CODE_ORGANISME : 100.0% complet 
[2026-02-12 21:00:47]     CODE_EMPLOI : 98.2% complet 
[2026-02-12 21:00:47]     CODE_SERVICE : 98.9% complet 
[2026-02-12 21:00:47]     CODE_FONCTION : 16.4% complet 
[2026-02-12 21:00:47]     CODE_GRADE : 98.2% complet 
[2026-02-12 21:00:47]     CODE_POSTE : 0.0% complet 
[2026-02-12 21:00:48] 
  Périodes : 129 
[2026-02-12 21:00:48]     Première : 012015 
[2026-02-12 21:00:48]     Dernière : 122024 
